{
  "RSpec": {
    "coverage": {
      "/home/webonise/Rspec/DemoRspec/app/controllers/application_controller.rb": [
        1,
        1,
        null
      ],
      "/home/webonise/Rspec/DemoRspec/app/helpers/application_helper.rb": [
        1,
        null
      ],
      "/home/webonise/Rspec/DemoRspec/app/helpers/posts_helper.rb": [
        1,
        null
      ],
      "/home/webonise/Rspec/DemoRspec/app/controllers/posts_controller.rb": [
        1,
        null,
        null,
        1,
        1,
        null,
        1,
        1,
        1,
        null,
        null,
        null,
        null,
        null,
        1,
        1,
        null,
        1,
        1,
        1,
        null,
        null,
        null,
        null,
        null,
        1,
        1,
        null,
        1,
        1,
        1,
        null,
        null,
        null,
        null,
        1,
        1,
        null,
        null,
        null,
        null,
        1,
        5,
        null,
        5,
        5,
        6,
        3,
        null,
        4,
        2,
        null,
        null,
        null,
        null,
        null,
        null,
        1,
        5,
        null,
        5,
        5,
        6,
        3,
        null,
        4,
        2,
        null,
        null,
        null,
        null,
        null,
        null,
        1,
        2,
        2,
        null,
        2,
        4,
        2,
        null,
        null,
        null
      ],
      "/home/webonise/Rspec/DemoRspec/app/models/post.rb": [
        1,
        1,
        1,
        null
      ],
      "/home/webonise/Rspec/DemoRspec/app/models/comment.rb": [
        1,
        1,
        1,
        null
      ]
    },
    "timestamp": 1346826324
  }
}
